Build started 2015/10/21 下午 03:54:05.
     1>Project "D:\Google Drive\Classroom\軟體測試 2015 fall\Homework\Homework 1\Homework 1.vcxproj" on node 2 (Build target(s)).
     1>ClCompile:
         C:\Program Files (x86)\Microsoft Visual Studio 14.0\VC\bin\CL.exe /c /ZI /nologo /W3 /WX- /sdl /Od /Oy- /D _MBCS /Gm /EHsc /RTC1 /MDd /GS /fp:precise /Zc:wchar_t /Zc:forScope /Zc:inline /Fo"Debug\\" /Fd"Debug\vc140.pdb" /Gd /TP /analyze- /errorReport:prompt NextDate.cpp
         NextDate.cpp
       Link:
         C:\Program Files (x86)\Microsoft Visual Studio 14.0\VC\bin\link.exe /ERRORREPORT:PROMPT /OUT:"D:\Google Drive\Classroom\軟體測試 2015 fall\Homework\Homework 1\Debug\Homework 1.exe" /INCREMENTAL /NOLOGO kernel32.lib user32.lib gdi32.lib winspool.lib comdlg32.lib advapi32.lib shell32.lib ole32.lib oleaut32.lib uuid.lib odbc32.lib odbccp32.lib /MANIFEST /MANIFESTUAC:"level='asInvoker' uiAccess='false'" /manifest:embed /Debug /PDB:"D:\Google Drive\Classroom\軟體測試 2015 fall\Homework\Homework 1\Debug\Homework 1.pdb" /TLBID:1 /DYNAMICBASE /NXCOMPAT /IMPLIB:"D:\Google Drive\Classroom\軟體測試 2015 fall\Homework\Homework 1\Debug\Homework 1.lib" /MACHINE:X86 Debug\NextDate.obj
         Debug\triangle.obj
     1>triangle.obj : error LNK2005: _main already defined in NextDate.obj
     1>D:\Google Drive\Classroom\軟體測試 2015 fall\Homework\Homework 1\Debug\Homework 1.exe : fatal error LNK1169: one or more multiply defined symbols found
     1>Done Building Project "D:\Google Drive\Classroom\軟體測試 2015 fall\Homework\Homework 1\Homework 1.vcxproj" (Build target(s)) -- FAILED.

Build FAILED.

Time Elapsed 00:00:02.20
